<?xml version="1.0" encoding="UTF-8"?>
<testsuites name="Login with username" time="30.653" tests="2" failures="0" errors="0">
   <testsuite name="Login with username" tests="2" failures="0" errors="0" time="30.653" skipped="0" timestamp="2023-04-07 05:20:13" hostname="wahyu - 192.168.195.106" id="Test Suites/Login with username">
      <properties>
         <property name="deviceName" value=""/>
         <property name="devicePlatform" value=""/>
         <property name="logFolder" value="C:\\Users\\wahyu\\Desktop\\Automate\\Katalon Studio\\Sample Project\\Website\\Katalon-Web-Spotify\\Reports\\20230407_052010\\Login with username\\20230407_052011"/>
         <property name="logFiles" value="C:\\Users\\wahyu\\Desktop\\Automate\\Katalon Studio\\Sample Project\\Website\\Katalon-Web-Spotify\\Reports\\20230407_052010\\Login with username\\20230407_052011\\execution0.log"/>
         <property name="attachments" value=""/>
         <property name="hostName" value="wahyu - 192.168.195.106"/>
         <property name="os" value="Windows 10 64bit"/>
         <property name="katalonVersion" value="8.6.0.208"/>
         <property name="browser" value="Chrome 112.0.0.0"/>
         <property name="hostAddress" value="192.168.195.106"/>
         <property name="sessionId" value="a6f50807b482884dba2af925ab1fa886"/>
         <property name="seleniumVersion" value="3.141.59"/>
         <property name="proxyInformation" value="ProxyInformation { proxyOption=NO_PROXY, proxyServerType=HTTP, username=, password=********, proxyServerAddress=, proxyServerPort=0, executionList=&quot;&quot;, isApplyToDesiredCapabilities=true }"/>
         <property name="platform" value="Windows 10"/>
      </properties>
      <testcase name="Test Cases/LOGIN/Login with username/LOG-12" time="16.877" classname="Test Cases/LOGIN/Login with username/LOG-12" status="PASSED">
         <system-out><![CDATA[2023-04-07 05:20:14 - [TEST_CASE][PASSED] - Test Cases/LOGIN/Login with username/LOG-12: Test Cases/LOGIN/Login with username/LOG-12

2023-04-07 05:20:14 - [TEST_STEP][PASSED] - Start listener action : sampleBeforeTestCase: null

2023-04-07 05:20:14 - [TEST_STEP][PASSED] - println(testCaseContext.getTestCaseId()): null

2023-04-07 05:20:14 - [TEST_STEP][PASSED] - println(testCaseContext.getTestCaseVariables()): null

2023-04-07 05:20:14 - [TEST_STEP][PASSED] - openBrowser(""): Browser is opened with url: ''

2023-04-07 05:20:14 - [MESSAGE][INFO] - Starting 'Chrome' driver

2023-04-07 05:20:14 - [MESSAGE][INFO] - Action delay is set to 0 milliseconds

2023-04-07 05:20:16 - [MESSAGE][PASSED] - Browser is opened with url: ''

2023-04-07 05:20:16 - [TEST_STEP][PASSED] - maximizeWindow(): Current window maximized

2023-04-07 05:20:16 - [MESSAGE][PASSED] - Current window maximized

2023-04-07 05:20:16 - [TEST_STEP][PASSED] - navigateToUrl(website): Navigate to 'http://open.spotify.com' successfully

2023-04-07 05:20:19 - [MESSAGE][PASSED] - Navigate to 'http://open.spotify.com' successfully

2023-04-07 05:20:19 - [TEST_STEP][PASSED] - click(findTestObject("Login-Repo/Login_button(homepage)")): Object: 'Object Repository/Login-Repo/Login_button(homepage)' is clicked on

2023-04-07 05:20:20 - [MESSAGE][PASSED] - Object: 'Object Repository/Login-Repo/Login_button(homepage)' is clicked on

2023-04-07 05:20:20 - [TEST_STEP][PASSED] - setText(findTestObject("Login-Repo/Email_inputText"), Valid_username): Text '31sjobez7vwyl2gx3qtkpnrv4oky' is set on object 'Object Repository/Login-Repo/Email_inputText'

2023-04-07 05:20:22 - [MESSAGE][PASSED] - Text '31sjobez7vwyl2gx3qtkpnrv4oky' is set on object 'Object Repository/Login-Repo/Email_inputText'

2023-04-07 05:20:22 - [TEST_STEP][PASSED] - setText(findTestObject("Login-Repo/Password_inputText"), Valid_password): Text 'testingbrins!' is set on object 'Object Repository/Login-Repo/Password_inputText'

2023-04-07 05:20:22 - [MESSAGE][PASSED] - Text 'testingbrins!' is set on object 'Object Repository/Login-Repo/Password_inputText'

2023-04-07 05:20:22 - [TEST_STEP][PASSED] - click(findTestObject("Login-Repo/RememberMe_check_button")): Object: 'Object Repository/Login-Repo/RememberMe_check_button' is clicked on

2023-04-07 05:20:23 - [MESSAGE][PASSED] - Object: 'Object Repository/Login-Repo/RememberMe_check_button' is clicked on

2023-04-07 05:20:23 - [TEST_STEP][PASSED] - click(findTestObject("Login-Repo/Login_button(loginpage)")): Object: 'Object Repository/Login-Repo/Login_button(loginpage)' is clicked on

2023-04-07 05:20:23 - [MESSAGE][PASSED] - Object: 'Object Repository/Login-Repo/Login_button(loginpage)' is clicked on

2023-04-07 05:20:23 - [TEST_STEP][PASSED] - delay(3): Delayed 3 second(s)

2023-04-07 05:20:26 - [MESSAGE][PASSED] - Delayed 3 second(s)

2023-04-07 05:20:26 - [TEST_STEP][PASSED] - verifyElementText(findTestObject("Login-Repo/Assert-verify-element/Assert_Home"), "Home"): Actual text and expected text of test object 'Object Repository/Login-Repo/Assert-verify-element/Assert_Home' are matched.

2023-04-07 05:20:28 - [MESSAGE][PASSED] - Actual text and expected text of test object 'Object Repository/Login-Repo/Assert-verify-element/Assert_Home' are matched.

2023-04-07 05:20:28 - [TEST_STEP][PASSED] - closeBrowser(): Browser is closed

2023-04-07 05:20:28 - [MESSAGE][PASSED] - Browser is closed

2023-04-07 05:20:30 - [TEST_STEP][PASSED] - Video: Video recording for test case 'Test Cases/LOGIN/Login with username/LOG-12' .

2023-04-07 05:20:30 - [MESSAGE][INFO] - Video recording for test case 'Test Cases/LOGIN/Login with username/LOG-12' .]]></system-out>
         <system-err><![CDATA[]]></system-err>
      </testcase>
      <testcase name="Test Cases/LOGIN/Login with username/LOG-13" time="13.612" classname="Test Cases/LOGIN/Login with username/LOG-13" status="PASSED">
         <system-out><![CDATA[2023-04-07 05:20:30 - [TEST_CASE][PASSED] - Test Cases/LOGIN/Login with username/LOG-13: Test Cases/LOGIN/Login with username/LOG-13

2023-04-07 05:20:30 - [TEST_STEP][PASSED] - Start listener action : sampleBeforeTestCase: null

2023-04-07 05:20:30 - [TEST_STEP][PASSED] - println(testCaseContext.getTestCaseId()): null

2023-04-07 05:20:30 - [TEST_STEP][PASSED] - println(testCaseContext.getTestCaseVariables()): null

2023-04-07 05:20:31 - [TEST_STEP][PASSED] - openBrowser(""): Browser is opened with url: ''

2023-04-07 05:20:31 - [MESSAGE][INFO] - Starting 'Chrome' driver

2023-04-07 05:20:31 - [MESSAGE][INFO] - Action delay is set to 0 milliseconds

2023-04-07 05:20:32 - [MESSAGE][PASSED] - Browser is opened with url: ''

2023-04-07 05:20:32 - [TEST_STEP][PASSED] - maximizeWindow(): Current window maximized

2023-04-07 05:20:32 - [MESSAGE][PASSED] - Current window maximized

2023-04-07 05:20:32 - [TEST_STEP][PASSED] - navigateToUrl(website): Navigate to 'http://open.spotify.com' successfully

2023-04-07 05:20:35 - [MESSAGE][PASSED] - Navigate to 'http://open.spotify.com' successfully

2023-04-07 05:20:35 - [TEST_STEP][PASSED] - click(findTestObject("Login-Repo/Login_button(homepage)")): Object: 'Object Repository/Login-Repo/Login_button(homepage)' is clicked on

2023-04-07 05:20:36 - [MESSAGE][PASSED] - Object: 'Object Repository/Login-Repo/Login_button(homepage)' is clicked on

2023-04-07 05:20:36 - [TEST_STEP][PASSED] - setText(findTestObject("Login-Repo/Email_inputText"), Invalid_Username): Text 'TestingBrins' is set on object 'Object Repository/Login-Repo/Email_inputText'

2023-04-07 05:20:38 - [MESSAGE][PASSED] - Text 'TestingBrins' is set on object 'Object Repository/Login-Repo/Email_inputText'

2023-04-07 05:20:38 - [TEST_STEP][PASSED] - setText(findTestObject("Login-Repo/Password_inputText"), Valid_password): Text 'testingbrins!' is set on object 'Object Repository/Login-Repo/Password_inputText'

2023-04-07 05:20:38 - [MESSAGE][PASSED] - Text 'testingbrins!' is set on object 'Object Repository/Login-Repo/Password_inputText'

2023-04-07 05:20:38 - [TEST_STEP][PASSED] - click(findTestObject("Login-Repo/RememberMe_check_button")): Object: 'Object Repository/Login-Repo/RememberMe_check_button' is clicked on

2023-04-07 05:20:39 - [MESSAGE][PASSED] - Object: 'Object Repository/Login-Repo/RememberMe_check_button' is clicked on

2023-04-07 05:20:39 - [TEST_STEP][PASSED] - click(findTestObject("Login-Repo/Login_button(loginpage)")): Object: 'Object Repository/Login-Repo/Login_button(loginpage)' is clicked on

2023-04-07 05:20:39 - [MESSAGE][PASSED] - Object: 'Object Repository/Login-Repo/Login_button(loginpage)' is clicked on

2023-04-07 05:20:39 - [TEST_STEP][PASSED] - delay(2): Delayed 2 second(s)

2023-04-07 05:20:41 - [MESSAGE][PASSED] - Delayed 2 second(s)

2023-04-07 05:20:41 - [TEST_STEP][PASSED] - verifyElementText(findTestObject("Login-Repo/Assert-verify-element/assert-error_incorrect-username-or-password"), "Incorrect username or password."): Actual text and expected text of test object 'Object Repository/Login-Repo/Assert-verify-element/assert-error_incorrect-username-or-password' are matched.

2023-04-07 05:20:41 - [MESSAGE][PASSED] - Actual text and expected text of test object 'Object Repository/Login-Repo/Assert-verify-element/assert-error_incorrect-username-or-password' are matched.

2023-04-07 05:20:41 - [TEST_STEP][PASSED] - closeBrowser(): Browser is closed

2023-04-07 05:20:42 - [MESSAGE][PASSED] - Browser is closed

2023-04-07 05:20:44 - [TEST_STEP][PASSED] - Video: Video recording for test case 'Test Cases/LOGIN/Login with username/LOG-13' .

2023-04-07 05:20:44 - [MESSAGE][INFO] - Video recording for test case 'Test Cases/LOGIN/Login with username/LOG-13' .]]></system-out>
         <system-err><![CDATA[]]></system-err>
      </testcase>
      <system-out><![CDATA[2023-04-07 05:20:13 - [TEST_SUITE][PASSED] - Login with username: Test Cases/LOGIN/Login with username/LOG-13]]></system-out>
      <system-err><![CDATA[]]></system-err>
   </testsuite>
</testsuites>
