<?xml version="1.0" encoding="UTF-8"?>
<testsuites name="validasi input login" time="43.208" tests="4" failures="0" errors="0">
   <testsuite name="validasi input login" tests="4" failures="0" errors="0" time="43.208" skipped="0" timestamp="2023-04-07 05:32:40" hostname="wahyu - 192.168.195.106" id="Test Suites/validasi input login">
      <properties>
         <property name="deviceName" value=""/>
         <property name="devicePlatform" value=""/>
         <property name="logFolder" value="C:\\Users\\wahyu\\Desktop\\Automate\\Katalon Studio\\Sample Project\\Website\\Katalon-Web-Spotify\\Reports\\20230407_053237\\validasi input login\\20230407_053238"/>
         <property name="logFiles" value="C:\\Users\\wahyu\\Desktop\\Automate\\Katalon Studio\\Sample Project\\Website\\Katalon-Web-Spotify\\Reports\\20230407_053237\\validasi input login\\20230407_053238\\execution0.log"/>
         <property name="attachments" value=""/>
         <property name="hostName" value="wahyu - 192.168.195.106"/>
         <property name="os" value="Windows 10 64bit"/>
         <property name="katalonVersion" value="8.6.0.208"/>
         <property name="browser" value="Chrome 112.0.0.0"/>
         <property name="hostAddress" value="192.168.195.106"/>
         <property name="sessionId" value="479cc58262326331b3fdc1012caeb9a7"/>
         <property name="seleniumVersion" value="3.141.59"/>
         <property name="proxyInformation" value="ProxyInformation { proxyOption=NO_PROXY, proxyServerType=HTTP, username=, password=********, proxyServerAddress=, proxyServerPort=0, executionList=&quot;&quot;, isApplyToDesiredCapabilities=true }"/>
         <property name="platform" value="Windows 10"/>
      </properties>
      <testcase name="Test Cases/LOGIN/validasi input login/VLOG-01" time="12.58" classname="Test Cases/LOGIN/validasi input login/VLOG-01" status="PASSED">
         <system-out><![CDATA[2023-04-07 05:32:41 - [TEST_CASE][PASSED] - Test Cases/LOGIN/validasi input login/VLOG-01: Test Cases/LOGIN/validasi input login/VLOG-01

2023-04-07 05:32:41 - [TEST_STEP][PASSED] - Start listener action : sampleBeforeTestCase: null

2023-04-07 05:32:41 - [TEST_STEP][PASSED] - println(testCaseContext.getTestCaseId()): null

2023-04-07 05:32:41 - [TEST_STEP][PASSED] - println(testCaseContext.getTestCaseVariables()): null

2023-04-07 05:32:41 - [TEST_STEP][PASSED] - openBrowser(""): Browser is opened with url: ''

2023-04-07 05:32:41 - [MESSAGE][INFO] - Starting 'Chrome' driver

2023-04-07 05:32:41 - [MESSAGE][INFO] - Action delay is set to 0 milliseconds

2023-04-07 05:32:43 - [MESSAGE][PASSED] - Browser is opened with url: ''

2023-04-07 05:32:43 - [TEST_STEP][PASSED] - maximizeWindow(): Current window maximized

2023-04-07 05:32:43 - [MESSAGE][PASSED] - Current window maximized

2023-04-07 05:32:43 - [TEST_STEP][PASSED] - navigateToUrl(website): Navigate to 'http://open.spotify.com' successfully

2023-04-07 05:32:46 - [MESSAGE][PASSED] - Navigate to 'http://open.spotify.com' successfully

2023-04-07 05:32:46 - [TEST_STEP][PASSED] - click(findTestObject("Login-Repo/Login_button(homepage)")): Object: 'Object Repository/Login-Repo/Login_button(homepage)' is clicked on

2023-04-07 05:32:48 - [MESSAGE][PASSED] - Object: 'Object Repository/Login-Repo/Login_button(homepage)' is clicked on

2023-04-07 05:32:48 - [TEST_STEP][PASSED] - setText(findTestObject("Login-Repo/Email_inputText"), "&testing.brinsgmail.com"): Text '&testing.brinsgmail.com' is set on object 'Object Repository/Login-Repo/Email_inputText'

2023-04-07 05:32:50 - [MESSAGE][PASSED] - Text '&testing.brinsgmail.com' is set on object 'Object Repository/Login-Repo/Email_inputText'

2023-04-07 05:32:50 - [TEST_STEP][PASSED] - verifyElementText(findTestObject("Login-Repo/Assert-verify-element/Assert_Forbidden_characters"), "Forbidden character(s) & in username."): Actual text and expected text of test object 'Object Repository/Login-Repo/Assert-verify-element/Assert_Forbidden_characters' are matched.

2023-04-07 05:32:50 - [MESSAGE][PASSED] - Actual text and expected text of test object 'Object Repository/Login-Repo/Assert-verify-element/Assert_Forbidden_characters' are matched.

2023-04-07 05:32:50 - [TEST_STEP][PASSED] - closeBrowser(): Browser is closed

2023-04-07 05:32:51 - [MESSAGE][PASSED] - Browser is closed

2023-04-07 05:32:53 - [TEST_STEP][PASSED] - Video: Video recording for test case 'Test Cases/LOGIN/validasi input login/VLOG-01' .

2023-04-07 05:32:53 - [MESSAGE][INFO] - Video recording for test case 'Test Cases/LOGIN/validasi input login/VLOG-01' .]]></system-out>
         <system-err><![CDATA[]]></system-err>
      </testcase>
      <testcase name="Test Cases/LOGIN/validasi input login/VLOG-02" time="10.631" classname="Test Cases/LOGIN/validasi input login/VLOG-02" status="PASSED">
         <system-out><![CDATA[2023-04-07 05:32:53 - [TEST_CASE][PASSED] - Test Cases/LOGIN/validasi input login/VLOG-02: Test Cases/LOGIN/validasi input login/VLOG-02

2023-04-07 05:32:53 - [TEST_STEP][PASSED] - Start listener action : sampleBeforeTestCase: null

2023-04-07 05:32:53 - [TEST_STEP][PASSED] - println(testCaseContext.getTestCaseId()): null

2023-04-07 05:32:53 - [TEST_STEP][PASSED] - println(testCaseContext.getTestCaseVariables()): null

2023-04-07 05:32:53 - [TEST_STEP][PASSED] - openBrowser(""): Browser is opened with url: ''

2023-04-07 05:32:53 - [MESSAGE][INFO] - Starting 'Chrome' driver

2023-04-07 05:32:53 - [MESSAGE][INFO] - Action delay is set to 0 milliseconds

2023-04-07 05:32:55 - [MESSAGE][PASSED] - Browser is opened with url: ''

2023-04-07 05:32:55 - [TEST_STEP][PASSED] - maximizeWindow(): Current window maximized

2023-04-07 05:32:55 - [MESSAGE][PASSED] - Current window maximized

2023-04-07 05:32:55 - [TEST_STEP][PASSED] - navigateToUrl(website): Navigate to 'http://open.spotify.com' successfully

2023-04-07 05:32:58 - [MESSAGE][PASSED] - Navigate to 'http://open.spotify.com' successfully

2023-04-07 05:32:58 - [TEST_STEP][PASSED] - click(findTestObject("Login-Repo/Login_button(homepage)")): Object: 'Object Repository/Login-Repo/Login_button(homepage)' is clicked on

2023-04-07 05:32:58 - [MESSAGE][PASSED] - Object: 'Object Repository/Login-Repo/Login_button(homepage)' is clicked on

2023-04-07 05:32:58 - [TEST_STEP][PASSED] - setText(findTestObject("Login-Repo/Email_inputText"), ":testing.brinsgmail.com"): Text ':testing.brinsgmail.com' is set on object 'Object Repository/Login-Repo/Email_inputText'

2023-04-07 05:33:01 - [MESSAGE][PASSED] - Text ':testing.brinsgmail.com' is set on object 'Object Repository/Login-Repo/Email_inputText'

2023-04-07 05:33:01 - [TEST_STEP][PASSED] - verifyElementText(findTestObject("Login-Repo/Assert-verify-element/Assert_Forbidden_characters"), "Forbidden character(s) : in username."): Actual text and expected text of test object 'Object Repository/Login-Repo/Assert-verify-element/Assert_Forbidden_characters' are matched.

2023-04-07 05:33:01 - [MESSAGE][PASSED] - Actual text and expected text of test object 'Object Repository/Login-Repo/Assert-verify-element/Assert_Forbidden_characters' are matched.

2023-04-07 05:33:01 - [TEST_STEP][PASSED] - closeBrowser(): Browser is closed

2023-04-07 05:33:02 - [MESSAGE][PASSED] - Browser is closed

2023-04-07 05:33:04 - [TEST_STEP][PASSED] - Video: Video recording for test case 'Test Cases/LOGIN/validasi input login/VLOG-02' .

2023-04-07 05:33:04 - [MESSAGE][INFO] - Video recording for test case 'Test Cases/LOGIN/validasi input login/VLOG-02' .]]></system-out>
         <system-err><![CDATA[]]></system-err>
      </testcase>
      <testcase name="Test Cases/LOGIN/validasi input login/VLOG-03" time="10.316" classname="Test Cases/LOGIN/validasi input login/VLOG-03" status="PASSED">
         <system-out><![CDATA[2023-04-07 05:33:04 - [TEST_CASE][PASSED] - Test Cases/LOGIN/validasi input login/VLOG-03: Test Cases/LOGIN/validasi input login/VLOG-03

2023-04-07 05:33:04 - [TEST_STEP][PASSED] - Start listener action : sampleBeforeTestCase: null

2023-04-07 05:33:04 - [TEST_STEP][PASSED] - println(testCaseContext.getTestCaseId()): null

2023-04-07 05:33:04 - [TEST_STEP][PASSED] - println(testCaseContext.getTestCaseVariables()): null

2023-04-07 05:33:04 - [TEST_STEP][PASSED] - openBrowser(""): Browser is opened with url: ''

2023-04-07 05:33:04 - [MESSAGE][INFO] - Starting 'Chrome' driver

2023-04-07 05:33:04 - [MESSAGE][INFO] - Action delay is set to 0 milliseconds

2023-04-07 05:33:05 - [MESSAGE][PASSED] - Browser is opened with url: ''

2023-04-07 05:33:05 - [TEST_STEP][PASSED] - maximizeWindow(): Current window maximized

2023-04-07 05:33:05 - [MESSAGE][PASSED] - Current window maximized

2023-04-07 05:33:05 - [TEST_STEP][PASSED] - navigateToUrl(website): Navigate to 'http://open.spotify.com' successfully

2023-04-07 05:33:07 - [MESSAGE][PASSED] - Navigate to 'http://open.spotify.com' successfully

2023-04-07 05:33:07 - [TEST_STEP][PASSED] - click(findTestObject("Login-Repo/Login_button(homepage)")): Object: 'Object Repository/Login-Repo/Login_button(homepage)' is clicked on

2023-04-07 05:33:09 - [MESSAGE][PASSED] - Object: 'Object Repository/Login-Repo/Login_button(homepage)' is clicked on

2023-04-07 05:33:09 - [TEST_STEP][PASSED] - setText(findTestObject("Login-Repo/Email_inputText"), "'testing.brinsgmail.com"): Text ''testing.brinsgmail.com' is set on object 'Object Repository/Login-Repo/Email_inputText'

2023-04-07 05:33:11 - [MESSAGE][PASSED] - Text ''testing.brinsgmail.com' is set on object 'Object Repository/Login-Repo/Email_inputText'

2023-04-07 05:33:11 - [TEST_STEP][PASSED] - verifyElementText(findTestObject("Login-Repo/Assert-verify-element/Assert_Forbidden_characters"), "Forbidden character(s) ' in username."): Actual text and expected text of test object 'Object Repository/Login-Repo/Assert-verify-element/Assert_Forbidden_characters' are matched.

2023-04-07 05:33:11 - [MESSAGE][PASSED] - Actual text and expected text of test object 'Object Repository/Login-Repo/Assert-verify-element/Assert_Forbidden_characters' are matched.

2023-04-07 05:33:11 - [TEST_STEP][PASSED] - closeBrowser(): Browser is closed

2023-04-07 05:33:12 - [MESSAGE][PASSED] - Browser is closed

2023-04-07 05:33:14 - [TEST_STEP][PASSED] - Video: Video recording for test case 'Test Cases/LOGIN/validasi input login/VLOG-03' .

2023-04-07 05:33:14 - [MESSAGE][INFO] - Video recording for test case 'Test Cases/LOGIN/validasi input login/VLOG-03' .]]></system-out>
         <system-err><![CDATA[]]></system-err>
      </testcase>
      <testcase name="Test Cases/LOGIN/validasi input login/VLOG-04" time="9.513" classname="Test Cases/LOGIN/validasi input login/VLOG-04" status="PASSED">
         <system-out><![CDATA[2023-04-07 05:33:14 - [TEST_CASE][PASSED] - Test Cases/LOGIN/validasi input login/VLOG-04: Test Cases/LOGIN/validasi input login/VLOG-04

2023-04-07 05:33:14 - [TEST_STEP][PASSED] - Start listener action : sampleBeforeTestCase: null

2023-04-07 05:33:14 - [TEST_STEP][PASSED] - println(testCaseContext.getTestCaseId()): null

2023-04-07 05:33:14 - [TEST_STEP][PASSED] - println(testCaseContext.getTestCaseVariables()): null

2023-04-07 05:33:14 - [TEST_STEP][PASSED] - openBrowser(""): Browser is opened with url: ''

2023-04-07 05:33:14 - [MESSAGE][INFO] - Starting 'Chrome' driver

2023-04-07 05:33:14 - [MESSAGE][INFO] - Action delay is set to 0 milliseconds

2023-04-07 05:33:15 - [MESSAGE][PASSED] - Browser is opened with url: ''

2023-04-07 05:33:16 - [TEST_STEP][PASSED] - maximizeWindow(): Current window maximized

2023-04-07 05:33:16 - [MESSAGE][PASSED] - Current window maximized

2023-04-07 05:33:16 - [TEST_STEP][PASSED] - navigateToUrl(website): Navigate to 'http://open.spotify.com' successfully

2023-04-07 05:33:17 - [MESSAGE][PASSED] - Navigate to 'http://open.spotify.com' successfully

2023-04-07 05:33:17 - [TEST_STEP][PASSED] - click(findTestObject("Login-Repo/Login_button(homepage)")): Object: 'Object Repository/Login-Repo/Login_button(homepage)' is clicked on

2023-04-07 05:33:18 - [MESSAGE][PASSED] - Object: 'Object Repository/Login-Repo/Login_button(homepage)' is clicked on

2023-04-07 05:33:18 - [TEST_STEP][PASSED] - setText(findTestObject("Login-Repo/Email_inputText"), "`testing.brinsgmail.com"): Text '`testing.brinsgmail.com' is set on object 'Object Repository/Login-Repo/Email_inputText'

2023-04-07 05:33:21 - [MESSAGE][PASSED] - Text '`testing.brinsgmail.com' is set on object 'Object Repository/Login-Repo/Email_inputText'

2023-04-07 05:33:21 - [TEST_STEP][PASSED] - verifyElementText(findTestObject("Login-Repo/Assert-verify-element/Assert_Forbidden_characters"), "Forbidden character(s) ` in username."): Actual text and expected text of test object 'Object Repository/Login-Repo/Assert-verify-element/Assert_Forbidden_characters' are matched.

2023-04-07 05:33:21 - [MESSAGE][PASSED] - Actual text and expected text of test object 'Object Repository/Login-Repo/Assert-verify-element/Assert_Forbidden_characters' are matched.

2023-04-07 05:33:21 - [TEST_STEP][PASSED] - closeBrowser(): Browser is closed

2023-04-07 05:33:22 - [MESSAGE][PASSED] - Browser is closed

2023-04-07 05:33:24 - [TEST_STEP][PASSED] - Video: Video recording for test case 'Test Cases/LOGIN/validasi input login/VLOG-04' .

2023-04-07 05:33:24 - [MESSAGE][INFO] - Video recording for test case 'Test Cases/LOGIN/validasi input login/VLOG-04' .]]></system-out>
         <system-err><![CDATA[]]></system-err>
      </testcase>
      <system-out><![CDATA[2023-04-07 05:32:40 - [TEST_SUITE][PASSED] - validasi input login: Test Cases/LOGIN/validasi input login/VLOG-04]]></system-out>
      <system-err><![CDATA[]]></system-err>
   </testsuite>
</testsuites>
